<?xml version="1.0" encoding="UTF-8"?>
<testng-results ignored="0" total="1" passed="1" failed="0" skipped="0">
  <reporter-output>
  </reporter-output>
  <suite started-at="2020-05-16T13:42:11 EDT" name="Default suite" finished-at="2020-05-16T13:42:12 EDT" duration-ms="1413">
    <groups>
    </groups>
    <test started-at="2020-05-16T13:42:11 EDT" name="Default test" finished-at="2020-05-16T13:42:12 EDT" duration-ms="1413">
      <class name="TC001_GetRequest">
        <test-method signature="getWeatherData()[pri:0, instance:TC001_GetRequest@d21a74c]" started-at="2020-05-16T13:42:11 EDT" name="getWeatherData" finished-at="2020-05-16T13:42:12 EDT" duration-ms="1378" status="PASS">
          <reporter-output>
          </reporter-output>
        </test-method> <!-- getWeatherData -->
      </class> <!-- TC001_GetRequest -->
    </test> <!-- Default test -->
  </suite> <!-- Default suite -->
</testng-results>
